[2026-06-03T08:58:40.390Z] 🤖 تشغيل بوت afk على YIYS.aternos.me [1.21.10]
[2026-06-03T08:58:43.301Z] ✅ دخل البوت بنجاح
[2026-06-03T08:58:43.312Z] 📍 ظهر البوت في العالم
[2026-06-03T08:58:43.486Z] 🎥 كاميرا: http://localhost:3002
[2026-06-03T08:58:43.486Z] 😴 وضع المأفك
[2026-06-03T08:58:44.817Z] 🛡️ تجهيز البوت بأفضل المعدات
[2026-06-03T08:58:51.343Z] 🏃 يطارد asal06543!
[2026-06-03T08:58:51.945Z] ⚔️ يضرب asal06543!
[2026-06-03T08:58:52.544Z] ⚔️ يضرب asal06543!
[2026-06-03T08:58:53.144Z] ⚔️ يضرب asal06543!
[2026-06-03T08:58:56.188Z] ⚔️ يضرب asal06543!
[2026-06-03T08:58:56.789Z] ⚔️ يضرب asal06543!
[2026-06-03T08:58:59.791Z] ⚔️ يضرب asal06543!
[2026-06-03T08:59:00.393Z] ⚔️ يضرب asal06543!
[2026-06-03T08:59:01.027Z] ⚔️ يضرب asal06543!
[2026-06-03T08:59:01.628Z] ⚔️ يضرب asal06543!
[2026-06-03T08:59:02.227Z] ⚔️ يضرب asal06543!
[2026-06-03T08:59:02.829Z] ⚔️ يضرب asal06543!
[2026-06-03T08:59:03.428Z] ⚔️ يضرب asal06543!
[2026-06-03T08:59:04.028Z] ⚔️ يضرب asal06543!
[2026-06-03T08:59:04.628Z] ⚔️ يضرب asal06543!
[2026-06-03T08:59:05.229Z] ⚔️ يضرب asal06543!
[2026-06-03T08:59:05.829Z] ⚔️ يضرب asal06543!
[2026-06-03T08:59:06.429Z] ⚔️ يضرب asal06543!
[2026-06-03T08:59:07.029Z] ⚔️ يضرب asal06543!
[2026-06-03T08:59:07.630Z] ⚔️ يضرب asal06543!
[2026-06-03T08:59:08.230Z] ⚔️ يضرب asal06543!
[2026-06-03T08:59:08.830Z] ⚔️ يضرب asal06543!
[2026-06-03T08:59:09.430Z] ⚔️ يضرب asal06543!
[2026-06-03T08:59:10.030Z] ⚔️ يضرب asal06543!
[2026-06-03T08:59:10.630Z] ⚔️ يضرب asal06543!
[2026-06-03T08:59:11.231Z] ⚔️ يضرب asal06543!
[2026-06-03T08:59:13.342Z] 🏃 يطارد asal06543!
[2026-06-03T08:59:13.944Z] ⚔️ يضرب asal06543!
[2026-06-03T08:59:14.544Z] ⚔️ يضرب asal06543!
[2026-06-03T08:59:15.146Z] ⚔️ يضرب asal06543!
[2026-06-03T08:59:15.746Z] ⚔️ يضرب asal06543!
[2026-06-03T08:59:16.346Z] ⚔️ يضرب asal06543!
[2026-06-03T08:59:16.946Z] ⚔️ يضرب asal06543!
[2026-06-03T08:59:17.547Z] ⚔️ يضرب asal06543!
[2026-06-03T08:59:17.952Z] 🏃 يطارد كائن!
[2026-06-03T08:59:18.555Z] ⚔️ يضرب كائن!
[2026-06-03T08:59:18.590Z] 🏃 يطارد asal06543!
[2026-06-03T08:59:19.192Z] ⚔️ يضرب asal06543!
[2026-06-03T08:59:19.794Z] ⚔️ يضرب asal06543!
[2026-06-03T08:59:20.391Z] 💀 مات البوت
[2026-06-03T08:59:20.394Z] ⚔️ يضرب asal06543!
[2026-06-03T08:59:20.505Z] 📍 ظهر البوت في العالم
[2026-06-03T08:59:20.512Z] 😴 وضع المأفك
[2026-06-03T08:59:20.994Z] ⚔️ يضرب asal06543!
[2026-06-03T08:59:21.595Z] ⚔️ يضرب asal06543!
[2026-06-03T08:59:22.012Z] 🛡️ تجهيز البوت بأفضل المعدات
[2026-06-03T08:59:22.197Z] ⚔️ يضرب asal06543!
[2026-06-03T08:59:22.799Z] ⚔️ يضرب asal06543!
[2026-06-03T08:59:23.400Z] ⚔️ يضرب asal06543!
[2026-06-03T08:59:24.000Z] ⚔️ يضرب asal06543!
[2026-06-03T08:59:24.600Z] ⚔️ يضرب asal06543!
[2026-06-03T08:59:25.200Z] ⚔️ يضرب asal06543!
[2026-06-03T08:59:25.801Z] ⚔️ يضرب asal06543!
[2026-06-03T08:59:26.401Z] ⚔️ يضرب asal06543!
[2026-06-03T08:59:27.001Z] ⚔️ يضرب asal06543!
[2026-06-03T08:59:27.601Z] ⚔️ يضرب asal06543!
[2026-06-03T08:59:28.201Z] ⚔️ يضرب asal06543!
[2026-06-03T08:59:28.802Z] ⚔️ يضرب asal06543!
[2026-06-03T08:59:29.402Z] ⚔️ يضرب asal06543!
[2026-06-03T08:59:30.002Z] ⚔️ يضرب asal06543!
[2026-06-03T08:59:30.602Z] ⚔️ يضرب asal06543!
[2026-06-03T08:59:31.202Z] ⚔️ يضرب asal06543!
[2026-06-03T08:59:31.802Z] ⚔️ يضرب asal06543!
[2026-06-03T08:59:32.402Z] ⚔️ يضرب asal06543!
[2026-06-03T08:59:33.002Z] ⚔️ يضرب asal06543!
[2026-06-03T09:00:08.599Z] 🏃 يطارد كائن!
[2026-06-03T09:00:09.200Z] ⚔️ يضرب كائن!
[2026-06-03T09:00:09.800Z] ⚔️ يضرب كائن!
[2026-06-03T09:00:10.401Z] ⚔️ يضرب كائن!
[2026-06-03T09:00:11.001Z] ⚔️ يضرب كائن!
[2026-06-03T09:00:11.601Z] ⚔️ يضرب كائن!
[2026-06-03T09:00:12.803Z] ⚔️ يضرب كائن!
[2026-06-03T09:00:13.402Z] ⚔️ يضرب كائن!
[2026-06-03T09:00:14.605Z] ⚔️ يضرب كائن!
[2026-06-03T09:00:15.205Z] ⚔️ يضرب كائن!
[2026-06-03T09:00:15.804Z] ⚔️ يضرب كائن!
[2026-06-03T09:00:17.004Z] ⚔️ يضرب كائن!
[2026-06-03T09:00:17.604Z] ⚔️ يضرب كائن!
[2026-06-03T09:00:18.205Z] ⚔️ يضرب كائن!
[2026-06-03T09:00:18.807Z] ⚔️ يضرب كائن!
[2026-06-03T09:00:20.006Z] ⚔️ يضرب كائن!
[2026-06-03T09:00:20.094Z] 🏃 يطارد asal06543!
[2026-06-03T09:00:20.695Z] ⚔️ يضرب asal06543!
[2026-06-03T09:00:21.295Z] ⚔️ يضرب asal06543!
[2026-06-03T09:00:21.896Z] ⚔️ يضرب asal06543!
[2026-06-03T09:00:22.496Z] ⚔️ يضرب asal06543!
[2026-06-03T09:00:23.089Z] 🏃 يطارد كائن!
[2026-06-03T09:00:23.309Z] 💀 مات البوت
[2026-06-03T09:00:23.449Z] 📍 ظهر البوت في العالم
[2026-06-03T09:00:23.455Z] 😴 وضع المأفك
[2026-06-03T09:00:24.955Z] 🛡️ تجهيز البوت بأفضل المعدات
[2026-06-03T09:00:32.299Z] 🏃 يطارد كائن!
[2026-06-03T09:00:32.900Z] ⚔️ يضرب كائن!
[2026-06-03T09:00:33.500Z] ⚔️ يضرب كائن!
[2026-06-03T09:00:34.700Z] ⚔️ يضرب كائن!
[2026-06-03T09:00:35.302Z] ⚔️ يضرب كائن!
[2026-06-03T09:00:36.503Z] ⚔️ يضرب كائن!
[2026-06-03T09:00:37.104Z] ⚔️ يضرب كائن!
[2026-06-03T09:00:37.704Z] ⚔️ يضرب كائن!
[2026-06-03T09:00:38.305Z] ⚔️ يضرب كائن!
[2026-06-03T09:00:38.907Z] ⚔️ يضرب كائن!
[2026-06-03T09:00:39.506Z] ⚔️ يضرب كائن!
[2026-06-03T09:01:21.240Z] 🏃 يطارد كائن!
[2026-06-03T09:01:21.841Z] ⚔️ يضرب كائن!
[2026-06-03T09:01:22.441Z] ⚔️ يضرب كائن!
[2026-06-03T09:01:23.041Z] ⚔️ يضرب كائن!
[2026-06-03T09:01:23.642Z] ⚔️ يضرب كائن!
[2026-06-03T09:01:24.243Z] ⚔️ يضرب كائن!
[2026-06-03T09:01:24.844Z] ⚔️ يضرب كائن!
[2026-06-03T09:01:25.444Z] ⚔️ يضرب كائن!
[2026-06-03T09:01:26.045Z] ⚔️ يضرب كائن!
[2026-06-03T09:01:26.644Z] ⚔️ يضرب كائن!
[2026-06-03T09:01:27.244Z] ⚔️ يضرب كائن!
[2026-06-03T09:01:27.845Z] ⚔️ يضرب كائن!
[2026-06-03T09:01:28.446Z] ⚔️ يضرب كائن!
[2026-06-03T09:01:29.048Z] ⚔️ يضرب كائن!
[2026-06-03T09:01:29.647Z] ⚔️ يضرب كائن!
[2026-06-03T09:01:30.248Z] ⚔️ يضرب كائن!
[2026-06-03T09:01:30.849Z] ⚔️ يضرب كائن!
[2026-06-03T09:01:31.449Z] ⚔️ يضرب كائن!
[2026-06-03T09:01:32.050Z] ⚔️ يضرب كائن!
[2026-06-03T09:01:32.650Z] ⚔️ يضرب كائن!
[2026-06-03T09:01:33.250Z] ⚔️ يضرب كائن!
[2026-06-03T09:01:33.850Z] ⚔️ يضرب كائن!
[2026-06-03T09:01:33.990Z] 💀 مات البوت
[2026-06-03T09:01:34.138Z] 📍 ظهر البوت في العالم
[2026-06-03T09:01:34.145Z] 😴 وضع المأفك
[2026-06-03T09:01:35.646Z] 🛡️ تجهيز البوت بأفضل المعدات
[2026-06-03T09:01:36.857Z] ⚔️ يضرب كائن!
[2026-06-03T09:01:37.458Z] ⚔️ يضرب كائن!
[2026-06-03T09:01:38.057Z] ⚔️ يضرب كائن!
[2026-06-03T09:01:38.658Z] ⚔️ يضرب كائن!
[2026-06-03T09:01:39.259Z] ⚔️ يضرب كائن!
[2026-06-03T09:01:39.861Z] ⚔️ يضرب كائن!
[2026-06-03T09:01:40.461Z] ⚔️ يضرب كائن!
[2026-06-03T09:01:41.061Z] ⚔️ يضرب كائن!
[2026-06-03T09:01:41.888Z] 🏃 يطارد كائن!
[2026-06-03T09:01:42.489Z] ⚔️ يضرب كائن!
[2026-06-03T09:01:43.088Z] ⚔️ يضرب كائن!
[2026-06-03T09:01:43.688Z] ⚔️ يضرب كائن!
[2026-06-03T09:01:44.289Z] ⚔️ يضرب كائن!
[2026-06-03T09:01:44.889Z] ⚔️ يضرب كائن!
[2026-06-03T09:01:45.489Z] ⚔️ يضرب كائن!
[2026-06-03T09:01:46.088Z] ⚔️ يضرب كائن!
[2026-06-03T09:01:46.690Z] ⚔️ يضرب كائن!
[2026-06-03T09:01:47.291Z] ⚔️ يضرب كائن!
[2026-06-03T09:01:47.891Z] ⚔️ يضرب كائن!
[2026-06-03T09:01:48.491Z] ⚔️ يضرب كائن!
[2026-06-03T09:01:49.090Z] ⚔️ يضرب كائن!
[2026-06-03T09:01:49.690Z] ⚔️ يضرب كائن!
[2026-06-03T09:01:50.291Z] ⚔️ يضرب كائن!
[2026-06-03T09:01:50.891Z] ⚔️ يضرب كائن!
[2026-06-03T09:01:51.000Z] 💀 مات البوت
[2026-06-03T09:01:51.156Z] 📍 ظهر البوت في العالم
[2026-06-03T09:01:51.163Z] 😴 وضع المأفك
[2026-06-03T09:01:52.663Z] 🛡️ تجهيز البوت بأفضل المعدات
[2026-06-03T09:01:56.309Z] ⚔️ يضرب كائن!
[2026-06-03T09:01:56.911Z] ⚔️ يضرب كائن!
[2026-06-03T09:01:57.510Z] ⚔️ يضرب كائن!
[2026-06-03T09:01:58.112Z] ⚔️ يضرب كائن!
[2026-06-03T09:01:58.712Z] ⚔️ يضرب كائن!
[2026-06-03T09:01:59.312Z] ⚔️ يضرب كائن!
[2026-06-03T09:01:59.911Z] ⚔️ يضرب كائن!
[2026-06-03T09:02:00.512Z] ⚔️ يضرب كائن!
[2026-06-03T09:02:01.112Z] ⚔️ يضرب كائن!
[2026-06-03T09:02:01.711Z] ⚔️ يضرب كائن!
[2026-06-03T09:02:02.090Z] 🏃 يطارد كائن!
[2026-06-03T09:02:02.690Z] ⚔️ يضرب كائن!
[2026-06-03T09:02:04.490Z] ⚔️ يضرب كائن!
[2026-06-03T09:02:05.130Z] ⚔️ يضرب كائن!
[2026-06-03T09:02:06.975Z] ⚔️ يضرب كائن!
[2026-06-03T09:02:09.386Z] ⚔️ يضرب كائن!
[2026-06-03T09:02:10.023Z] ⚔️ يضرب كائن!
[2026-06-03T09:02:10.627Z] ⚔️ يضرب كائن!
[2026-06-03T09:02:11.236Z] ⚔️ يضرب كائن!
[2026-06-03T09:02:11.868Z] ⚔️ يضرب كائن!
[2026-06-03T09:02:12.473Z] ⚔️ يضرب كائن!
[2026-06-03T09:02:13.078Z] ⚔️ يضرب كائن!
[2026-06-03T09:02:13.678Z] ⚔️ يضرب كائن!
[2026-06-03T09:02:14.277Z] ⚔️ يضرب كائن!
[2026-06-03T09:02:14.878Z] ⚔️ يضرب كائن!
[2026-06-03T09:02:15.478Z] ⚔️ يضرب كائن!
[2026-06-03T09:02:16.080Z] ⚔️ يضرب كائن!
[2026-06-03T09:02:16.680Z] ⚔️ يضرب كائن!
[2026-06-03T09:02:17.281Z] ⚔️ يضرب كائن!
[2026-06-03T09:02:17.882Z] ⚔️ يضرب كائن!
[2026-06-03T09:02:18.483Z] ⚔️ يضرب كائن!
[2026-06-03T09:02:19.082Z] ⚔️ يضرب كائن!
[2026-06-03T09:02:19.684Z] ⚔️ يضرب كائن!
[2026-06-03T09:02:20.284Z] ⚔️ يضرب كائن!
[2026-06-03T09:02:20.885Z] ⚔️ يضرب كائن!
[2026-06-03T09:02:45.791Z] 🏃 يطارد كائن!
[2026-06-03T09:02:46.392Z] ⚔️ يضرب كائن!
[2026-06-03T09:02:46.993Z] ⚔️ يضرب كائن!
[2026-06-03T09:02:47.593Z] ⚔️ يضرب كائن!
[2026-06-03T09:02:48.193Z] ⚔️ يضرب كائن!
[2026-06-03T09:02:48.793Z] ⚔️ يضرب كائن!
[2026-06-03T09:02:49.149Z] 💀 مات البوت
[2026-06-03T09:02:49.399Z] 📍 ظهر البوت في العالم
[2026-06-03T09:02:49.405Z] 😴 وضع المأفك
[2026-06-03T09:02:50.906Z] 🛡️ تجهيز البوت بأفضل المعدات
[2026-06-03T09:02:53.598Z] ⚔️ يضرب كائن!
[2026-06-03T09:02:54.199Z] ⚔️ يضرب كائن!
[2026-06-03T09:02:54.798Z] ⚔️ يضرب كائن!
[2026-06-03T09:02:55.399Z] ⚔️ يضرب كائن!
[2026-06-03T09:02:55.999Z] ⚔️ يضرب كائن!
[2026-06-03T09:02:56.600Z] ⚔️ يضرب كائن!
[2026-06-03T09:02:57.200Z] ⚔️ يضرب كائن!
[2026-06-03T09:02:57.801Z] ⚔️ يضرب كائن!
[2026-06-03T09:02:58.401Z] ⚔️ يضرب كائن!
[2026-06-03T09:02:59.002Z] ⚔️ يضرب كائن!
[2026-06-03T09:02:59.603Z] ⚔️ يضرب كائن!
[2026-06-03T09:03:00.206Z] ⚔️ يضرب كائن!
[2026-06-03T09:03:00.806Z] ⚔️ يضرب كائن!
[2026-06-03T09:03:01.406Z] ⚔️ يضرب كائن!
[2026-06-03T09:03:02.008Z] ⚔️ يضرب كائن!
[2026-06-03T09:03:02.608Z] ⚔️ يضرب كائن!
[2026-06-03T09:03:03.208Z] ⚔️ يضرب كائن!
[2026-06-03T09:03:03.808Z] ⚔️ يضرب كائن!
[2026-06-03T09:03:04.408Z] ⚔️ يضرب كائن!
[2026-06-03T09:03:05.007Z] ⚔️ يضرب كائن!
[2026-06-03T09:03:05.607Z] ⚔️ يضرب كائن!
[2026-06-03T09:05:37.167Z] 🤖 تشغيل بوت coward على YIYS.aternos.me [1.21.10]
[2026-06-03T09:05:39.597Z] ✅ دخل البوت بنجاح
[2026-06-03T09:05:39.639Z] 📍 ظهر البوت في العالم
[2026-06-03T09:05:39.841Z] 🎥 كاميرا: http://localhost:3002
[2026-06-03T09:05:39.841Z] 😨 وضع الجبان
[2026-06-03T09:05:41.145Z] 🛡️ تجهيز البوت بأفضل المعدات
[2026-06-03T09:05:53.364Z] 🤖 تشغيل بوت coward على YIYS.aternos.me [1.21.10]
[2026-06-03T09:05:55.196Z] ⚠️ خطأ: read ECONNRESET
[2026-06-03T09:05:55.196Z] ❌ انقطع الاتصال: socketClosed
[2026-06-03T09:06:00.196Z] 🤖 تشغيل بوت coward على YIYS.aternos.me [1.21.10]
[2026-06-03T09:06:02.595Z] ✅ دخل البوت بنجاح
[2026-06-03T09:06:02.606Z] 📍 ظهر البوت في العالم
[2026-06-03T09:06:02.801Z] 🎥 كاميرا: http://localhost:3002
[2026-06-03T09:06:02.801Z] 😨 وضع الجبان
[2026-06-03T09:06:04.113Z] 🛡️ تجهيز البوت بأفضل المعدات
[2026-06-03T09:06:21.070Z] 🤖 تشغيل بوت coward على YIYS.aternos.me [1.21.10]
[2026-06-03T09:06:23.093Z] ⚠️ خطأ: read ECONNRESET
[2026-06-03T09:06:23.093Z] ❌ انقطع الاتصال: socketClosed
[2026-06-03T09:06:28.094Z] 🤖 تشغيل بوت coward على YIYS.aternos.me [1.21.10]
[2026-06-03T09:06:29.693Z] ⚠️ خطأ: read ECONNRESET
[2026-06-03T09:06:29.693Z] ❌ انقطع الاتصال: socketClosed
[2026-06-03T09:06:34.694Z] 🤖 تشغيل بوت coward على YIYS.aternos.me [1.21.10]
[2026-06-03T09:06:36.757Z] ✅ دخل البوت بنجاح
[2026-06-03T09:06:36.788Z] 📍 ظهر البوت في العالم
[2026-06-03T09:06:37.049Z] 🎥 كاميرا: http://localhost:3002
[2026-06-03T09:06:37.049Z] 😨 وضع الجبان
[2026-06-03T09:06:38.298Z] 🛡️ تجهيز البوت بأفضل المعدات
[2026-06-03T09:06:42.983Z] 😨 انضرب البوت! يتم قطع الاتصال
[2026-06-03T09:07:21.365Z] 🤖 تشغيل بوت coward على YIYS.aternos.me [1.21.10]
[2026-06-03T09:07:24.051Z] ✅ دخل البوت بنجاح
[2026-06-03T09:07:24.087Z] 📍 ظهر البوت في العالم
[2026-06-03T09:07:24.299Z] 🎥 كاميرا: http://localhost:3002
[2026-06-03T09:07:24.299Z] 😨 وضع الجبان
[2026-06-03T09:07:25.594Z] 🛡️ تجهيز البوت بأفضل المعدات
[2026-06-03T09:07:27.383Z] 😨 انضرب البوت! يتم قطع الاتصال
[2026-06-03T09:07:30.057Z] 🤖 تشغيل بوت coward على YIYS.aternos.me [1.21.10]
[2026-06-03T09:07:32.785Z] ✅ دخل البوت بنجاح
[2026-06-03T09:07:32.804Z] 📍 ظهر البوت في العالم
[2026-06-03T09:07:32.992Z] 🎥 كاميرا: http://localhost:3002
[2026-06-03T09:07:32.992Z] 😨 وضع الجبان
[2026-06-03T09:07:34.309Z] 🛡️ تجهيز البوت بأفضل المعدات
[2026-06-03T09:07:36.133Z] 😨 انضرب البوت! يتم قطع الاتصال
[2026-06-03T09:07:44.379Z] 🤖 تشغيل بوت hunter على YIYS.aternos.me [1.21.10]
[2026-06-03T09:07:46.786Z] ✅ دخل البوت بنجاح
[2026-06-03T09:07:46.801Z] 📍 ظهر البوت في العالم
[2026-06-03T09:07:47.011Z] 🎥 كاميرا: http://localhost:3002
[2026-06-03T09:07:47.011Z] ⚔️ وضع الصياد
[2026-06-03T09:07:48.309Z] 🛡️ تجهيز البوت بأفضل المعدات
[2026-06-03T09:08:02.844Z] 🏃 يطارد كائن!
[2026-06-03T09:08:03.446Z] ⚔️ يضرب كائن!
[2026-06-03T09:08:04.045Z] ⚔️ يضرب كائن!
[2026-06-03T09:08:04.646Z] ⚔️ يضرب كائن!
[2026-06-03T09:08:07.650Z] ⚔️ يضرب كائن!
[2026-06-03T09:08:08.249Z] ⚔️ يضرب كائن!
[2026-06-03T09:08:08.850Z] ⚔️ يضرب كائن!
[2026-06-03T09:08:09.450Z] ⚔️ يضرب كائن!
[2026-06-03T09:08:10.052Z] ⚔️ يضرب كائن!
[2026-06-03T09:08:10.654Z] ⚔️ يضرب كائن!
[2026-06-03T09:08:11.253Z] ⚔️ يضرب كائن!
[2026-06-03T09:08:11.853Z] ⚔️ يضرب كائن!
[2026-06-03T09:08:12.454Z] ⚔️ يضرب كائن!
[2026-06-03T09:08:13.054Z] ⚔️ يضرب كائن!
[2026-06-03T09:08:13.655Z] ⚔️ يضرب كائن!
[2026-06-03T09:08:14.255Z] ⚔️ يضرب كائن!
[2026-06-03T09:08:14.854Z] ⚔️ يضرب كائن!
[2026-06-03T09:08:15.455Z] ⚔️ يضرب كائن!
[2026-06-03T09:08:16.054Z] ⚔️ يضرب كائن!
[2026-06-03T09:08:16.655Z] ⚔️ يضرب كائن!
[2026-06-03T09:08:17.256Z] ⚔️ يضرب كائن!
[2026-06-03T09:08:17.856Z] ⚔️ يضرب كائن!
[2026-06-03T09:08:18.455Z] ⚔️ يضرب كائن!
[2026-06-03T09:08:19.056Z] ⚔️ يضرب كائن!
[2026-06-03T09:08:19.658Z] ⚔️ يضرب كائن!
[2026-06-03T09:08:20.259Z] ⚔️ يضرب كائن!
[2026-06-03T09:08:20.858Z] ⚔️ يضرب كائن!
[2026-06-03T09:08:21.458Z] ⚔️ يضرب كائن!
[2026-06-03T09:08:22.060Z] ⚔️ يضرب كائن!
[2026-06-03T09:08:22.660Z] ⚔️ يضرب كائن!
[2026-06-03T09:08:24.035Z] 🏃 يطارد كائن!
[2026-06-03T09:08:24.635Z] ⚔️ يضرب كائن!
[2026-06-03T09:08:25.235Z] ⚔️ يضرب كائن!
[2026-06-03T09:08:25.835Z] ⚔️ يضرب كائن!
[2026-06-03T09:08:26.435Z] ⚔️ يضرب كائن!
[2026-06-03T09:08:27.635Z] ⚔️ يضرب كائن!
[2026-06-03T09:08:28.236Z] ⚔️ يضرب كائن!
[2026-06-03T09:08:30.238Z] 💀 مات البوت
[2026-06-03T09:08:30.385Z] 📍 ظهر البوت في العالم
[2026-06-03T09:08:30.393Z] ⚔️ وضع الصياد
[2026-06-03T09:08:31.893Z] 🛡️ تجهيز البوت بأفضل المعدات
[2026-06-03T09:08:33.638Z] ⚔️ يضرب كائن!
[2026-06-03T09:08:34.239Z] ⚔️ يضرب كائن!
[2026-06-03T09:08:34.840Z] ⚔️ يضرب كائن!
[2026-06-03T09:08:35.440Z] ⚔️ يضرب كائن!
[2026-06-03T09:08:36.042Z] ⚔️ يضرب كائن!
[2026-06-03T09:08:36.644Z] ⚔️ يضرب كائن!
[2026-06-03T09:08:37.243Z] ⚔️ يضرب كائن!
[2026-06-03T09:08:37.843Z] ⚔️ يضرب كائن!
[2026-06-03T09:08:38.443Z] ⚔️ يضرب كائن!
[2026-06-03T09:08:39.044Z] ⚔️ يضرب كائن!
[2026-06-03T09:08:39.643Z] ⚔️ يضرب كائن!
[2026-06-03T09:08:40.244Z] ⚔️ يضرب كائن!
[2026-06-03T09:08:40.844Z] ⚔️ يضرب كائن!
[2026-06-03T09:08:41.445Z] ⚔️ يضرب كائن!
[2026-06-03T09:08:42.045Z] ⚔️ يضرب كائن!
[2026-06-03T09:08:42.646Z] ⚔️ يضرب كائن!
[2026-06-03T09:08:43.247Z] ⚔️ يضرب كائن!
[2026-06-03T09:08:43.846Z] ⚔️ يضرب كائن!
[2026-06-03T09:08:48.784Z] 💀 مات البوت
[2026-06-03T09:08:48.884Z] 📍 ظهر البوت في العالم
[2026-06-03T09:08:48.889Z] ⚔️ وضع الصياد
[2026-06-03T09:08:50.391Z] 🛡️ تجهيز البوت بأفضل المعدات
[2026-06-03T09:09:03.346Z] 🤖 تشغيل بوت hunter على YIYS.aternos.me [1.21.10]
[2026-06-03T09:09:06.085Z] ✅ دخل البوت بنجاح
[2026-06-03T09:09:06.103Z] 📍 ظهر البوت في العالم
[2026-06-03T09:09:06.323Z] 🎥 كاميرا: http://localhost:3002
[2026-06-03T09:09:06.323Z] ⚔️ وضع الصياد
[2026-06-03T09:09:07.608Z] 🛡️ تجهيز البوت بأفضل المعدات
[2026-06-03T09:09:11.324Z] 🎯 صيد: asal06543
[2026-06-03T09:09:11.324Z] 🏃 يطارد asal06543!
[2026-06-03T09:09:11.926Z] ⚔️ يضرب asal06543!
[2026-06-03T09:09:12.526Z] ⚔️ يضرب asal06543!
[2026-06-03T09:09:13.726Z] ⚔️ يضرب asal06543!
[2026-06-03T09:09:14.327Z] ⚔️ يضرب asal06543!
[2026-06-03T09:09:16.323Z] 🎯 صيد: asal06543
[2026-06-03T09:09:21.323Z] 🎯 صيد: asal06543
[2026-06-03T09:09:21.534Z] ⚔️ يضرب asal06543!
[2026-06-03T09:09:22.134Z] ⚔️ يضرب asal06543!
[2026-06-03T09:09:22.735Z] ⚔️ يضرب asal06543!
[2026-06-03T09:09:23.335Z] ⚔️ يضرب asal06543!
[2026-06-03T09:09:23.935Z] ⚔️ يضرب asal06543!
[2026-06-03T09:09:24.535Z] ⚔️ يضرب asal06543!
[2026-06-03T09:09:25.136Z] ⚔️ يضرب asal06543!
[2026-06-03T09:09:25.736Z] ⚔️ يضرب asal06543!
[2026-06-03T09:09:26.323Z] 🎯 صيد: asal06543
[2026-06-03T09:09:28.741Z] ⚔️ يضرب asal06543!
[2026-06-03T09:09:29.341Z] ⚔️ يضرب asal06543!
[2026-06-03T09:09:29.942Z] ⚔️ يضرب asal06543!
[2026-06-03T09:09:31.141Z] ⚔️ يضرب asal06543!
[2026-06-03T09:09:31.323Z] 🎯 صيد: asal06543
[2026-06-03T09:09:36.284Z] 🏃 يطارد asal06543!
[2026-06-03T09:09:36.324Z] 🎯 صيد: asal06543
[2026-06-03T09:09:36.884Z] ⚔️ يضرب asal06543!
[2026-06-03T09:09:37.484Z] ⚔️ يضرب asal06543!
[2026-06-03T09:09:38.084Z] ⚔️ يضرب asal06543!
[2026-06-03T09:09:38.139Z] 💀 مات البوت
[2026-06-03T09:09:38.299Z] 📍 ظهر البوت في العالم
[2026-06-03T09:09:38.306Z] ⚔️ وضع الصياد
[2026-06-03T09:09:39.821Z] 🛡️ تجهيز البوت بأفضل المعدات
[2026-06-03T09:09:41.325Z] 🎯 صيد: asal06543
[2026-06-03T09:09:43.307Z] 🎯 صيد: asal06543
[2026-06-03T09:09:46.325Z] 🎯 صيد: asal06543
[2026-06-03T09:09:46.491Z] ⚔️ يضرب asal06543!
[2026-06-03T09:09:47.092Z] ⚔️ يضرب asal06543!
[2026-06-03T09:09:47.692Z] ⚔️ يضرب asal06543!
[2026-06-03T09:09:48.294Z] ⚔️ يضرب asal06543!
[2026-06-03T09:09:48.307Z] 🎯 صيد: asal06543
[2026-06-03T09:09:48.894Z] ⚔️ يضرب asal06543!
[2026-06-03T09:09:49.494Z] ⚔️ يضرب asal06543!
[2026-06-03T09:09:50.094Z] ⚔️ يضرب asal06543!
[2026-06-03T09:09:50.695Z] ⚔️ يضرب asal06543!
[2026-06-03T09:09:51.293Z] ⚔️ يضرب asal06543!
[2026-06-03T09:09:51.325Z] 🎯 صيد: asal06543
[2026-06-03T09:09:51.894Z] ⚔️ يضرب asal06543!
[2026-06-03T09:09:52.494Z] ⚔️ يضرب asal06543!
[2026-06-03T09:09:53.094Z] ⚔️ يضرب asal06543!
[2026-06-03T09:09:53.307Z] 🎯 صيد: asal06543
[2026-06-03T09:09:53.695Z] ⚔️ يضرب asal06543!
[2026-06-03T09:09:54.295Z] ⚔️ يضرب asal06543!
[2026-06-03T09:09:54.895Z] ⚔️ يضرب asal06543!
[2026-06-03T09:09:55.495Z] ⚔️ يضرب asal06543!
[2026-06-03T09:09:56.095Z] ⚔️ يضرب asal06543!
[2026-06-03T09:09:56.326Z] 🎯 صيد: asal06543
[2026-06-03T09:09:56.326Z] 🏃 يطارد asal06543!
[2026-06-03T09:09:58.312Z] 🎯 صيد: asal06543
[2026-06-03T09:09:59.928Z] ⚔️ يضرب asal06543!
[2026-06-03T09:10:01.128Z] ⚔️ يضرب asal06543!
[2026-06-03T09:10:01.326Z] 🎯 صيد: asal06543
[2026-06-03T09:10:01.729Z] ⚔️ يضرب asal06543!
[2026-06-03T09:10:02.330Z] ⚔️ يضرب asal06543!
[2026-06-03T09:10:03.311Z] 🎯 صيد: asal06543
[2026-06-03T09:10:03.530Z] ⚔️ يضرب asal06543!
[2026-06-03T09:10:04.130Z] ⚔️ يضرب asal06543!
[2026-06-03T09:10:04.730Z] ⚔️ يضرب asal06543!
[2026-06-03T09:10:05.331Z] ⚔️ يضرب asal06543!
[2026-06-03T09:10:05.930Z] ⚔️ يضرب asal06543!
[2026-06-03T09:10:06.324Z] 🎯 صيد: asal06543
[2026-06-03T09:10:06.530Z] ⚔️ يضرب asal06543!
[2026-06-03T09:10:07.132Z] ⚔️ يضرب asal06543!
[2026-06-03T09:10:07.732Z] ⚔️ يضرب asal06543!
[2026-06-03T09:10:08.312Z] 🎯 صيد: asal06543
[2026-06-03T09:10:08.332Z] ⚔️ يضرب asal06543!
[2026-06-03T09:10:08.932Z] ⚔️ يضرب asal06543!
[2026-06-03T09:10:09.532Z] ⚔️ يضرب asal06543!
[2026-06-03T09:10:10.133Z] ⚔️ يضرب asal06543!
[2026-06-03T09:10:10.733Z] ⚔️ يضرب asal06543!
[2026-06-03T09:10:11.325Z] 🎯 صيد: asal06543
[2026-06-03T09:10:11.333Z] ⚔️ يضرب asal06543!
[2026-06-03T09:10:11.934Z] ⚔️ يضرب asal06543!
[2026-06-03T09:10:12.534Z] ⚔️ يضرب asal06543!
[2026-06-03T09:10:13.134Z] ⚔️ يضرب asal06543!
[2026-06-03T09:10:13.312Z] 🎯 صيد: asal06543
[2026-06-03T09:10:13.733Z] ⚔️ يضرب asal06543!
[2026-06-03T09:10:14.933Z] ⚔️ يضرب asal06543!
[2026-06-03T09:10:15.534Z] ⚔️ يضرب asal06543!
[2026-06-03T09:10:16.134Z] ⚔️ يضرب asal06543!
[2026-06-03T09:10:16.326Z] 🎯 صيد: asal06543
[2026-06-03T09:10:16.326Z] 🏃 يطارد asal06543!
[2026-06-03T09:10:16.928Z] ⚔️ يضرب asal06543!
[2026-06-03T09:10:17.529Z] ⚔️ يضرب asal06543!
[2026-06-03T09:10:18.128Z] ⚔️ يضرب asal06543!
[2026-06-03T09:10:18.312Z] 🎯 صيد: asal06543
[2026-06-03T09:10:18.729Z] ⚔️ يضرب asal06543!
[2026-06-03T09:10:19.330Z] ⚔️ يضرب asal06543!
[2026-06-03T09:10:19.931Z] ⚔️ يضرب asal06543!
[2026-06-03T09:10:20.531Z] ⚔️ يضرب asal06543!
[2026-06-03T09:10:21.131Z] ⚔️ يضرب asal06543!
[2026-06-03T09:10:21.326Z] 🎯 صيد: asal06543
[2026-06-03T09:10:21.732Z] ⚔️ يضرب asal06543!
[2026-06-03T09:10:22.332Z] ⚔️ يضرب asal06543!
[2026-06-03T09:10:22.934Z] ⚔️ يضرب asal06543!
[2026-06-03T09:10:23.312Z] 🎯 صيد: asal06543
[2026-06-03T09:10:23.534Z] ⚔️ يضرب asal06543!
[2026-06-03T09:10:24.133Z] ⚔️ يضرب asal06543!
[2026-06-03T09:10:24.734Z] ⚔️ يضرب asal06543!
[2026-06-03T09:10:25.335Z] ⚔️ يضرب asal06543!
[2026-06-03T09:10:25.936Z] ⚔️ يضرب asal06543!
[2026-06-03T09:10:26.326Z] 🎯 صيد: asal06543
[2026-06-03T09:10:26.536Z] ⚔️ يضرب asal06543!
[2026-06-03T09:10:27.137Z] ⚔️ يضرب asal06543!
[2026-06-03T09:10:27.738Z] ⚔️ يضرب asal06543!
[2026-06-03T09:10:28.313Z] 🎯 صيد: asal06543
[2026-06-03T09:10:28.338Z] ⚔️ يضرب asal06543!
[2026-06-03T09:10:28.940Z] ⚔️ يضرب asal06543!
[2026-06-03T09:10:29.539Z] ⚔️ يضرب asal06543!
[2026-06-03T09:10:30.139Z] ⚔️ يضرب asal06543!
[2026-06-03T09:10:30.739Z] ⚔️ يضرب asal06543!
[2026-06-03T09:10:31.326Z] 🎯 صيد: asal06543
[2026-06-03T09:10:31.339Z] ⚔️ يضرب asal06543!
[2026-06-03T09:10:31.940Z] ⚔️ يضرب asal06543!
[2026-06-03T09:10:32.540Z] ⚔️ يضرب asal06543!
[2026-06-03T09:10:33.140Z] ⚔️ يضرب asal06543!
[2026-06-03T09:10:33.312Z] 🎯 صيد: asal06543
[2026-06-03T09:10:33.742Z] ⚔️ يضرب asal06543!
[2026-06-03T09:10:34.343Z] ⚔️ يضرب asal06543!
[2026-06-03T09:10:34.944Z] ⚔️ يضرب asal06543!
[2026-06-03T09:10:35.544Z] ⚔️ يضرب asal06543!
[2026-06-03T09:10:36.145Z] ⚔️ يضرب asal06543!
[2026-06-03T09:10:36.326Z] 🎯 صيد: asal06543
[2026-06-03T09:10:36.326Z] 🏃 يطارد asal06543!
[2026-06-03T09:10:36.927Z] ⚔️ يضرب asal06543!
[2026-06-03T09:10:37.528Z] ⚔️ يضرب asal06543!
[2026-06-03T09:10:38.128Z] ⚔️ يضرب asal06543!
[2026-06-03T09:10:38.314Z] 🎯 صيد: asal06543
[2026-06-03T09:10:38.730Z] ⚔️ يضرب asal06543!
[2026-06-03T09:10:39.331Z] ⚔️ يضرب asal06543!
[2026-06-03T09:10:39.933Z] ⚔️ يضرب asal06543!
[2026-06-03T09:10:40.533Z] ⚔️ يضرب asal06543!
[2026-06-03T09:10:41.132Z] ⚔️ يضرب asal06543!
[2026-06-03T09:10:41.326Z] 🎯 صيد: asal06543
[2026-06-03T09:10:41.733Z] ⚔️ يضرب asal06543!
[2026-06-03T09:10:42.333Z] ⚔️ يضرب asal06543!
[2026-06-03T09:10:42.934Z] ⚔️ يضرب asal06543!
[2026-06-03T09:10:43.314Z] 🎯 صيد: asal06543
[2026-06-03T09:10:43.534Z] ⚔️ يضرب asal06543!
[2026-06-03T09:10:44.133Z] ⚔️ يضرب asal06543!
[2026-06-03T09:10:44.734Z] ⚔️ يضرب asal06543!
[2026-06-03T09:10:45.334Z] ⚔️ يضرب asal06543!
[2026-06-03T09:10:45.934Z] ⚔️ يضرب asal06543!
[2026-06-03T09:10:46.327Z] 🎯 صيد: asal06543
[2026-06-03T09:10:46.534Z] ⚔️ يضرب asal06543!
[2026-06-03T09:10:47.134Z] ⚔️ يضرب asal06543!
[2026-06-03T09:10:47.734Z] ⚔️ يضرب asal06543!
[2026-06-03T09:10:48.316Z] 🎯 صيد: asal06543
[2026-06-03T09:10:48.335Z] ⚔️ يضرب asal06543!
[2026-06-03T09:10:48.935Z] ⚔️ يضرب asal06543!
[2026-06-03T09:10:49.535Z] ⚔️ يضرب asal06543!
[2026-06-03T09:10:50.135Z] ⚔️ يضرب asal06543!
[2026-06-03T09:10:50.735Z] ⚔️ يضرب asal06543!
[2026-06-03T09:10:51.327Z] 🎯 صيد: asal06543
[2026-06-03T09:10:51.336Z] ⚔️ يضرب asal06543!
[2026-06-03T09:10:51.936Z] ⚔️ يضرب asal06543!
[2026-06-03T09:10:52.538Z] ⚔️ يضرب asal06543!
[2026-06-03T09:10:53.137Z] ⚔️ يضرب asal06543!
[2026-06-03T09:10:53.316Z] 🎯 صيد: asal06543
[2026-06-03T09:10:53.738Z] ⚔️ يضرب asal06543!
[2026-06-03T09:10:54.338Z] ⚔️ يضرب asal06543!
[2026-06-03T09:10:54.938Z] ⚔️ يضرب asal06543!
[2026-06-03T09:10:55.538Z] ⚔️ يضرب asal06543!
[2026-06-03T09:10:56.138Z] ⚔️ يضرب asal06543!
[2026-06-03T09:10:56.327Z] 🎯 صيد: asal06543
[2026-06-03T09:10:56.327Z] 🏃 يطارد asal06543!
[2026-06-03T09:10:57.528Z] ⚔️ يضرب asal06543!
[2026-06-03T09:10:58.128Z] ⚔️ يضرب asal06543!
[2026-06-03T09:10:58.318Z] 🎯 صيد: asal06543
[2026-06-03T09:10:58.728Z] ⚔️ يضرب asal06543!
[2026-06-03T09:11:01.130Z] ⚔️ يضرب asal06543!
[2026-06-03T09:11:01.328Z] 🎯 صيد: asal06543
[2026-06-03T09:11:01.731Z] ⚔️ يضرب asal06543!
[2026-06-03T09:11:02.332Z] ⚔️ يضرب asal06543!
[2026-06-03T09:11:03.315Z] 🎯 صيد: asal06543
[2026-06-03T09:11:03.530Z] ⚔️ يضرب asal06543!
[2026-06-03T09:11:06.325Z] 🎯 صيد: asal06543
[2026-06-03T09:11:06.983Z] 🏃 يطارد كائن!
[2026-06-03T09:11:07.584Z] ⚔️ يضرب كائن!
[2026-06-03T09:11:07.733Z] ❌ انقطع الاتصال: socketClosed
[2026-06-03T09:11:11.325Z] 🎯 صيد: asal06543
[2026-06-03T09:11:11.326Z] 🏃 يطارد asal06543!
[2026-06-03T09:11:12.734Z] 🤖 تشغيل بوت hunter على YIYS.aternos.me [1.21.10]
[2026-06-03T09:11:14.616Z] ⚠️ خطأ: read ECONNRESET
[2026-06-03T09:11:14.616Z] ❌ انقطع الاتصال: socketClosed
[2026-06-03T09:11:19.618Z] 🤖 تشغيل بوت hunter على YIYS.aternos.me [1.21.10]
[2026-06-03T09:11:22.395Z] ✅ دخل البوت بنجاح
[2026-06-03T09:11:22.406Z] 📍 ظهر البوت في العالم
[2026-06-03T09:11:32.650Z] 🤖 تشغيل بوت hunter على YIYS.aternos.me [1.21.10]
[2026-06-03T09:11:34.423Z] ⚠️ خطأ: read ECONNRESET
[2026-06-03T09:11:34.423Z] ❌ انقطع الاتصال: socketClosed
[2026-06-03T09:11:39.423Z] 🤖 تشغيل بوت hunter على YIYS.aternos.me [1.21.10]
[2026-06-03T09:11:41.584Z] ✅ دخل البوت بنجاح
[2026-06-03T09:11:41.598Z] 📍 ظهر البوت في العالم
[2026-06-03T09:11:41.853Z] 🎥 كاميرا: http://localhost:3002
[2026-06-03T09:11:41.853Z] ⚔️ وضع الصياد
[2026-06-03T09:11:43.106Z] 🛡️ تجهيز البوت بأفضل المعدات
[2026-06-03T09:11:46.853Z] 🎯 صيد: asal06543
[2026-06-03T09:11:46.854Z] 🏃 يطارد asal06543!
[2026-06-03T09:11:48.055Z] ⚔️ يضرب asal06543!
[2026-06-03T09:11:48.656Z] ⚔️ يضرب asal06543!
[2026-06-03T09:11:49.258Z] ⚔️ يضرب asal06543!
[2026-06-03T09:11:49.860Z] ⚔️ يضرب asal06543!
[2026-06-03T09:11:51.855Z] 🎯 صيد: asal06543
[2026-06-03T09:11:52.861Z] ⚔️ يضرب asal06543!
[2026-06-03T09:11:53.463Z] ⚔️ يضرب asal06543!
[2026-06-03T09:11:54.063Z] ⚔️ يضرب asal06543!
[2026-06-03T09:11:55.264Z] ⚔️ يضرب asal06543!
[2026-06-03T09:11:56.855Z] 🎯 صيد: asal06543
[2026-06-03T09:12:09.456Z] 🤖 تشغيل بوت hunter على YIYS.aternos.me [1.21.10]
[2026-06-03T09:12:11.985Z] ✅ دخل البوت بنجاح
[2026-06-03T09:12:12.000Z] 📍 ظهر البوت في العالم
[2026-06-03T09:12:12.225Z] 🎥 كاميرا: http://localhost:3002
[2026-06-03T09:12:12.226Z] ⚔️ وضع الصياد
[2026-06-03T09:12:13.506Z] 🛡️ تجهيز البوت بأفضل المعدات
[2026-06-03T09:12:17.225Z] 🎯 صيد: asal06543
[2026-06-03T09:12:17.226Z] 🏃 يطارد asal06543!
[2026-06-03T09:12:22.225Z] 🎯 صيد: asal06543
[2026-06-03T09:12:22.631Z] ⚔️ يضرب asal06543!
[2026-06-03T09:12:24.432Z] ⚔️ يضرب asal06543!
[2026-06-03T09:12:25.032Z] ⚔️ يضرب asal06543!
[2026-06-03T09:12:25.632Z] ⚔️ يضرب asal06543!
[2026-06-03T09:12:26.233Z] ⚔️ يضرب asal06543!
[2026-06-03T09:12:26.833Z] ⚔️ يضرب asal06543!
[2026-06-03T09:12:27.226Z] 🎯 صيد: asal06543
[2026-06-03T09:12:27.434Z] ⚔️ يضرب asal06543!
[2026-06-03T09:12:28.043Z] ⚔️ يضرب asal06543!
[2026-06-03T09:12:28.644Z] ⚔️ يضرب asal06543!
[2026-06-03T09:12:29.243Z] ⚔️ يضرب asal06543!
[2026-06-03T09:12:29.845Z] ⚔️ يضرب asal06543!
[2026-06-03T09:12:30.444Z] ⚔️ يضرب asal06543!
[2026-06-03T09:12:31.044Z] ⚔️ يضرب asal06543!
[2026-06-03T09:12:31.646Z] ⚔️ يضرب asal06543!
[2026-06-03T09:12:32.245Z] ⚔️ يضرب asal06543!
[2026-06-03T09:12:32.846Z] ⚔️ يضرب asal06543!
[2026-06-03T09:12:33.445Z] ⚔️ يضرب asal06543!
[2026-06-03T09:12:34.045Z] ⚔️ يضرب asal06543!
[2026-06-03T09:12:34.645Z] ⚔️ يضرب asal06543!
[2026-06-03T09:12:35.245Z] ⚔️ يضرب asal06543!
[2026-06-03T09:12:35.846Z] ⚔️ يضرب asal06543!
[2026-06-03T09:12:36.446Z] ⚔️ يضرب asal06543!
[2026-06-03T09:12:37.046Z] ⚔️ يضرب asal06543!
[2026-06-03T09:12:47.228Z] 🎯 صيد: asal06543
[2026-06-03T09:12:47.228Z] 🏃 يطارد asal06543!
[2026-06-03T09:12:52.230Z] 🎯 صيد: asal06543
[2026-06-03T09:12:57.230Z] 🎯 صيد: asal06543
[2026-06-03T09:13:02.231Z] 🎯 صيد: asal06543
[2026-06-03T09:13:07.231Z] 🎯 صيد: asal06543
[2026-06-03T09:13:07.231Z] 🏃 يطارد asal06543!
[2026-06-03T09:13:10.234Z] ⚔️ يضرب asal06543!
[2026-06-03T09:13:10.833Z] ⚔️ يضرب asal06543!
[2026-06-03T09:13:11.433Z] ⚔️ يضرب asal06543!
[2026-06-03T09:13:12.034Z] ⚔️ يضرب asal06543!
[2026-06-03T09:13:12.230Z] 🎯 صيد: asal06543
[2026-06-03T09:13:13.235Z] ⚔️ يضرب asal06543!
[2026-06-03T09:13:14.436Z] ⚔️ يضرب asal06543!
[2026-06-03T09:13:15.636Z] ⚔️ يضرب asal06543!
[2026-06-03T09:13:16.236Z] ⚔️ يضرب asal06543!
[2026-06-03T09:13:16.836Z] ⚔️ يضرب asal06543!
[2026-06-03T09:13:17.230Z] 🎯 صيد: asal06543
[2026-06-03T09:13:17.436Z] ⚔️ يضرب asal06543!
[2026-06-03T09:13:18.036Z] ⚔️ يضرب asal06543!
[2026-06-03T09:13:18.638Z] ⚔️ يضرب asal06543!
[2026-06-03T09:13:19.238Z] ⚔️ يضرب asal06543!
[2026-06-03T09:13:19.838Z] ⚔️ يضرب asal06543!
[2026-06-03T09:13:21.038Z] ⚔️ يضرب asal06543!
[2026-06-03T09:13:22.230Z] 🎯 صيد: asal06543
[2026-06-03T09:13:22.240Z] ⚔️ يضرب asal06543!
[2026-06-03T09:13:23.440Z] ⚔️ يضرب asal06543!
[2026-06-03T09:13:24.640Z] ⚔️ يضرب asal06543!
[2026-06-03T09:13:25.840Z] ⚔️ يضرب asal06543!
[2026-06-03T09:13:27.042Z] ⚔️ يضرب asal06543!
[2026-06-03T09:13:27.229Z] 🎯 صيد: asal06543
[2026-06-03T09:13:27.230Z] 🏃 يطارد asal06543!
[2026-06-03T09:13:27.829Z] ⚔️ يضرب asal06543!
[2026-06-03T09:13:28.431Z] ⚔️ يضرب asal06543!
[2026-06-03T09:13:29.031Z] ⚔️ يضرب asal06543!
[2026-06-03T09:13:29.630Z] ⚔️ يضرب asal06543!
[2026-06-03T09:13:30.232Z] ⚔️ يضرب asal06543!
[2026-06-03T09:13:30.832Z] ⚔️ يضرب asal06543!
[2026-06-03T09:13:31.432Z] ⚔️ يضرب asal06543!
[2026-06-03T09:13:32.032Z] ⚔️ يضرب asal06543!
[2026-06-03T09:13:32.632Z] ⚔️ يضرب asal06543!
[2026-06-03T09:13:33.232Z] ⚔️ يضرب asal06543!
[2026-06-03T09:13:33.833Z] ⚔️ يضرب asal06543!
[2026-06-03T09:13:34.434Z] ⚔️ يضرب asal06543!
[2026-06-03T09:13:35.036Z] ⚔️ يضرب asal06543!
[2026-06-03T09:13:35.636Z] ⚔️ يضرب asal06543!
[2026-06-03T09:13:36.236Z] ⚔️ يضرب asal06543!
[2026-06-03T09:13:36.837Z] ⚔️ يضرب asal06543!
[2026-06-03T09:13:37.437Z] ⚔️ يضرب asal06543!
[2026-06-03T09:13:38.037Z] ⚔️ يضرب asal06543!
[2026-06-03T09:13:38.637Z] ⚔️ يضرب asal06543!
[2026-06-03T09:13:39.238Z] ⚔️ يضرب asal06543!
[2026-06-03T09:13:39.838Z] ⚔️ يضرب asal06543!
[2026-06-03T09:13:40.440Z] ⚔️ يضرب asal06543!
[2026-06-03T09:13:41.040Z] ⚔️ يضرب asal06543!
[2026-06-03T09:13:41.641Z] ⚔️ يضرب asal06543!
[2026-06-03T09:13:42.241Z] ⚔️ يضرب asal06543!
[2026-06-03T09:13:42.842Z] ⚔️ يضرب asal06543!
[2026-06-03T09:13:43.443Z] ⚔️ يضرب asal06543!
[2026-06-03T09:13:44.043Z] ⚔️ يضرب asal06543!
[2026-06-03T09:13:44.643Z] ⚔️ يضرب asal06543!
[2026-06-03T09:13:45.243Z] ⚔️ يضرب asal06543!
[2026-06-03T09:13:45.844Z] ⚔️ يضرب asal06543!
[2026-06-03T09:13:46.444Z] ⚔️ يضرب asal06543!
[2026-06-03T09:13:47.046Z] ⚔️ يضرب asal06543!
[2026-06-03T09:14:37.234Z] 🎯 صيد: asal06543
[2026-06-03T09:14:37.234Z] 🏃 يطارد asal06543!
[2026-06-03T09:14:39.669Z] ⚔️ يضرب asal06543!
[2026-06-03T09:14:40.270Z] ⚔️ يضرب asal06543!
[2026-06-03T09:14:40.870Z] ⚔️ يضرب asal06543!
[2026-06-03T09:14:41.470Z] ⚔️ يضرب asal06543!
[2026-06-03T09:14:42.071Z] ⚔️ يضرب asal06543!
[2026-06-03T09:14:42.234Z] 🎯 صيد: asal06543
[2026-06-03T09:14:42.673Z] ⚔️ يضرب asal06543!
[2026-06-03T09:14:43.273Z] ⚔️ يضرب asal06543!
[2026-06-03T09:14:47.234Z] 🎯 صيد: asal06543
[2026-06-03T09:14:51.082Z] ⚔️ يضرب asal06543!
[2026-06-03T09:14:51.681Z] ⚔️ يضرب asal06543!
[2026-06-03T09:14:52.234Z] 🎯 صيد: asal06543
[2026-06-03T09:14:52.282Z] ⚔️ يضرب asal06543!
[2026-06-03T09:14:52.882Z] ⚔️ يضرب asal06543!
[2026-06-03T09:14:53.484Z] ⚔️ يضرب asal06543!
[2026-06-03T09:14:54.084Z] ⚔️ يضرب asal06543!
[2026-06-03T09:14:54.684Z] ⚔️ يضرب asal06543!
[2026-06-03T09:14:55.284Z] ⚔️ يضرب asal06543!
[2026-06-03T09:14:55.885Z] ⚔️ يضرب asal06543!
[2026-06-03T09:14:56.485Z] ⚔️ يضرب asal06543!
[2026-06-03T09:14:57.085Z] ⚔️ يضرب asal06543!
[2026-06-03T09:14:57.234Z] 🎯 صيد: asal06543
[2026-06-03T09:14:57.235Z] 🏃 يطارد asal06543!
[2026-06-03T09:14:57.837Z] ⚔️ يضرب asal06543!
[2026-06-03T09:14:58.437Z] ⚔️ يضرب asal06543!
[2026-06-03T09:14:59.037Z] ⚔️ يضرب asal06543!
[2026-06-03T09:14:59.639Z] ⚔️ يضرب asal06543!
[2026-06-03T09:15:00.238Z] ⚔️ يضرب asal06543!
[2026-06-03T09:15:00.840Z] ⚔️ يضرب asal06543!
[2026-06-03T09:15:01.439Z] ⚔️ يضرب asal06543!
[2026-06-03T09:15:02.040Z] ⚔️ يضرب asal06543!
[2026-06-03T09:15:02.234Z] 🎯 صيد: asal06543
[2026-06-03T09:15:02.641Z] ⚔️ يضرب asal06543!
[2026-06-03T09:15:03.242Z] ⚔️ يضرب asal06543!
[2026-06-03T09:15:03.843Z] ⚔️ يضرب asal06543!
[2026-06-03T09:15:04.444Z] ⚔️ يضرب asal06543!
[2026-06-03T09:15:05.043Z] ⚔️ يضرب asal06543!
[2026-06-03T09:15:05.643Z] ⚔️ يضرب asal06543!
[2026-06-03T09:15:06.243Z] ⚔️ يضرب asal06543!
[2026-06-03T09:15:06.844Z] ⚔️ يضرب asal06543!
[2026-06-03T09:15:07.234Z] 🎯 صيد: asal06543
[2026-06-03T09:15:07.445Z] ⚔️ يضرب asal06543!
[2026-06-03T09:15:08.044Z] ⚔️ يضرب asal06543!
[2026-06-03T09:15:08.645Z] ⚔️ يضرب asal06543!
[2026-06-03T09:15:09.244Z] ⚔️ يضرب asal06543!
[2026-06-03T09:15:09.844Z] ⚔️ يضرب asal06543!
[2026-06-03T09:15:10.444Z] ⚔️ يضرب asal06543!
[2026-06-03T09:15:11.046Z] ⚔️ يضرب asal06543!
[2026-06-03T09:15:11.646Z] ⚔️ يضرب asal06543!
[2026-06-03T09:15:12.234Z] 🎯 صيد: asal06543
[2026-06-03T09:15:12.247Z] ⚔️ يضرب asal06543!
[2026-06-03T09:15:12.847Z] ⚔️ يضرب asal06543!
[2026-06-03T09:15:13.447Z] ⚔️ يضرب asal06543!
[2026-06-03T09:15:14.048Z] ⚔️ يضرب asal06543!
[2026-06-03T09:15:14.649Z] ⚔️ يضرب asal06543!
[2026-06-03T09:15:15.249Z] ⚔️ يضرب asal06543!
[2026-06-03T09:15:15.850Z] ⚔️ يضرب asal06543!
[2026-06-03T09:15:16.452Z] ⚔️ يضرب asal06543!
[2026-06-03T09:15:17.053Z] ⚔️ يضرب asal06543!
[2026-06-03T09:15:17.234Z] 🎯 صيد: asal06543
[2026-06-03T09:15:22.234Z] 🎯 صيد: asal06543
[2026-06-03T09:15:22.234Z] 🏃 يطارد asal06543!
[2026-06-03T09:15:27.234Z] 🎯 صيد: asal06543
[2026-06-03T09:15:32.234Z] 🎯 صيد: asal06543
[2026-06-03T09:15:37.232Z] 🎯 صيد: asal06543
[2026-06-03T09:15:39.050Z] ⚔️ يضرب asal06543!
[2026-06-03T09:15:42.232Z] 🎯 صيد: asal06543
[2026-06-03T09:15:42.232Z] 🏃 يطارد asal06543!
[2026-06-03T09:15:42.833Z] ⚔️ يضرب asal06543!
[2026-06-03T09:15:43.433Z] ⚔️ يضرب asal06543!
[2026-06-03T09:15:44.032Z] ⚔️ يضرب asal06543!
[2026-06-03T09:15:44.633Z] ⚔️ يضرب asal06543!
[2026-06-03T09:15:45.233Z] ⚔️ يضرب asal06543!
[2026-06-03T09:15:45.833Z] ⚔️ يضرب asal06543!
[2026-06-03T09:15:46.433Z] ⚔️ يضرب asal06543!
[2026-06-03T09:15:47.033Z] ⚔️ يضرب asal06543!
[2026-06-03T09:15:47.233Z] 🎯 صيد: asal06543
[2026-06-03T09:15:47.633Z] ⚔️ يضرب asal06543!
[2026-06-03T09:15:48.233Z] ⚔️ يضرب asal06543!
[2026-06-03T09:15:48.833Z] ⚔️ يضرب asal06543!
[2026-06-03T09:15:49.432Z] ⚔️ يضرب asal06543!
[2026-06-03T09:15:50.032Z] ⚔️ يضرب asal06543!
[2026-06-03T09:15:50.632Z] ⚔️ يضرب asal06543!
[2026-06-03T09:15:51.232Z] ⚔️ يضرب asal06543!
[2026-06-03T09:15:51.832Z] ⚔️ يضرب asal06543!
[2026-06-03T09:15:52.232Z] 🎯 صيد: asal06543
[2026-06-03T09:15:52.432Z] ⚔️ يضرب asal06543!
[2026-06-03T09:15:53.032Z] ⚔️ يضرب asal06543!
[2026-06-03T09:15:53.632Z] ⚔️ يضرب asal06543!
[2026-06-03T09:15:54.232Z] ⚔️ يضرب asal06543!
[2026-06-03T09:15:54.833Z] ⚔️ يضرب asal06543!
[2026-06-03T09:15:55.435Z] ⚔️ يضرب asal06543!
[2026-06-03T09:15:56.036Z] ⚔️ يضرب asal06543!
[2026-06-03T09:15:56.637Z] ⚔️ يضرب asal06543!
[2026-06-03T09:15:57.237Z] ⚔️ يضرب asal06543!
[2026-06-03T09:15:57.838Z] ⚔️ يضرب asal06543!
[2026-06-03T09:15:58.439Z] ⚔️ يضرب asal06543!
[2026-06-03T09:15:59.039Z] ⚔️ يضرب asal06543!
[2026-06-03T09:15:59.640Z] ⚔️ يضرب asal06543!
[2026-06-03T09:16:00.239Z] ⚔️ يضرب asal06543!
[2026-06-03T09:16:00.840Z] ⚔️ يضرب asal06543!
[2026-06-03T09:16:01.439Z] ⚔️ يضرب asal06543!
[2026-06-03T09:16:02.040Z] ⚔️ يضرب asal06543!
