[2026-06-03T11:48:37.596Z] 🤖 تشغيل بوت afk على YIYS.aternos.me [1.21.10]
[2026-06-03T11:48:39.844Z] ⚠️ خطأ: read ECONNRESET
[2026-06-03T11:48:39.844Z] ❌ انقطع الاتصال: socketClosed
[2026-06-03T11:48:44.846Z] 🤖 تشغيل بوت afk على YIYS.aternos.me [1.21.10]
[2026-06-03T11:48:47.017Z] ✅ دخل البوت بنجاح
[2026-06-03T11:48:47.039Z] 📍 ظهر البوت في العالم
[2026-06-03T11:48:47.537Z] 🎥 كاميرا: http://localhost:3003
[2026-06-03T11:48:47.538Z] 😴 وضع المأفك
[2026-06-03T11:48:48.548Z] 🛡️ تجهيز البوت بأفضل المعدات
[2026-06-03T11:54:56.319Z] 🤖 تشغيل بوت coward على YIYS.aternos.me [1.21.10]
[2026-06-03T11:54:58.362Z] ⚠️ خطأ: read ECONNRESET
[2026-06-03T11:54:58.362Z] ❌ انقطع الاتصال: socketClosed
[2026-06-03T11:55:03.363Z] 🤖 تشغيل بوت coward على YIYS.aternos.me [1.21.10]
[2026-06-03T11:55:05.523Z] ✅ دخل البوت بنجاح
[2026-06-03T11:55:05.546Z] 📍 ظهر البوت في العالم
[2026-06-03T11:55:05.730Z] 🎥 كاميرا: http://localhost:3003
[2026-06-03T11:55:05.730Z] 😨 وضع الجبان
[2026-06-03T11:55:07.051Z] 🛡️ تجهيز البوت بأفضل المعدات
[2026-06-03T11:55:08.829Z] 😨 انضرب البوت! يتم قطع الاتصال
[2026-06-03T11:55:14.998Z] 🤖 تشغيل بوت coward على YIYS.aternos.me [1.21.10]
[2026-06-03T11:55:17.113Z] ⚠️ خطأ: read ECONNRESET
[2026-06-03T11:55:17.114Z] ❌ انقطع الاتصال: socketClosed
[2026-06-03T11:55:22.114Z] 🤖 تشغيل بوت coward على YIYS.aternos.me [1.21.10]
[2026-06-03T11:55:24.443Z] ✅ دخل البوت بنجاح
[2026-06-03T11:55:24.467Z] 📍 ظهر البوت في العالم
[2026-06-03T11:55:24.727Z] 🎥 كاميرا: http://localhost:3003
[2026-06-03T11:55:24.727Z] 😨 وضع الجبان
[2026-06-03T11:55:25.976Z] 🛡️ تجهيز البوت بأفضل المعدات
[2026-06-03T11:55:32.463Z] 😨 انضرب البوت! يتم قطع الاتصال
[2026-06-03T11:59:32.032Z] 🤖 تشغيل بوت coward على YIYS.aternos.me [1.21.10]
[2026-06-03T11:59:34.109Z] ⚠️ خطأ: read ECONNRESET
[2026-06-03T11:59:34.109Z] ❌ انقطع الاتصال: socketClosed
